Jun 04 14:27:34 murrikka run_often.sh[2888815]: Grid Power: -6.11600017547607W
Jun 04 14:27:34 murrikka run_often.sh[2888815]: ⊘ Battery Unavailable: -5340W (charge_solar) [SoC 30.8%] (skipped)
Jun 04 14:27:34 murrikka run_often.sh[2888811]: === Done: Thu  4 Jun 14:27:34 EEST 2026 ===
Jun 04 14:27:34 murrikka systemd[3295]: Finished home-energy-predictor-minutely.service - Battery commands.
Jun 04 14:28:28 murrikka systemd[3295]: Starting home-energy-predictor-minutely.service - Battery commands...
Jun 04 14:28:28 murrikka run_often.sh[2889209]: === HEPO Quick Update: Thu  4 Jun 14:28:28 EEST 2026 ===
Jun 04 14:28:28 murrikka run_often.sh[2889214]: Battery SoC: 27.4%
Jun 04 14:28:28 murrikka run_often.sh[2889214]: Battery Power: -1900W
Jun 04 14:28:28 murrikka run_often.sh[2889214]: Grid Power: -6.11700010299683W
Jun 04 14:28:28 murrikka run_often.sh[2889214]: ⊘ Battery Unavailable: -5340W (charge_solar) [SoC 30.8%] (skipped)
Jun 04 14:28:28 murrikka run_often.sh[2889209]: === Done: Thu  4 Jun 14:28:28 EEST 2026 ===
Jun 04 14:28:28 murrikka systemd[3295]: Finished home-energy-predictor-minutely.service - Battery commands.
Jun 04 14:29:34 murrikka systemd[3295]: Starting home-energy-predictor-minutely.service - Battery commands...
Jun 04 14:29:34 murrikka run_often.sh[2889791]: === HEPO Quick Update: Thu  4 Jun 14:29:34 EEST 2026 ===
Jun 04 14:29:34 murrikka run_often.sh[2889801]: Battery SoC: 27.3%
Jun 04 14:29:34 murrikka run_often.sh[2889801]: Battery Power: -1862W
Jun 04 14:29:34 murrikka run_often.sh[2889801]: Grid Power: -5.89699983596802W
Jun 04 14:29:34 murrikka run_often.sh[2889801]: ⊘ Battery Unavailable: -5340W (charge_solar) [SoC 30.8%] (skipped)
Jun 04 14:29:34 murrikka run_often.sh[2889791]: === Done: Thu  4 Jun 14:29:34 EEST 2026 ===
Jun 04 14:29:34 murrikka systemd[3295]: Finished home-energy-predictor-minutely.service - Battery commands.
Jun 04 14:30:00 murrikka systemd[3295]: Starting home-energy-predictor-minutely.service - Battery commands...
Jun 04 14:30:00 murrikka run_often.sh[2890026]: === HEPO Quick Update: Thu  4 Jun 14:30:00 EEST 2026 ===
Jun 04 14:30:00 murrikka run_often.sh[2890030]: Battery SoC: 27.3%
Jun 04 14:30:00 murrikka run_often.sh[2890030]: Battery Power: -1900W
Jun 04 14:30:00 murrikka run_often.sh[2890030]: Grid Power: -5.86299991607666W
Jun 04 14:30:00 murrikka run_often.sh[2890030]: ⊘ Battery Unavailable: -5340W (charge_solar) [SoC 30.8%] (skipped)
Jun 04 14:30:00 murrikka run_often.sh[2890026]: === Done: Thu  4 Jun 14:30:00 EEST 2026 ===
Jun 04 14:30:00 murrikka systemd[3295]: Finished home-energy-predictor-minutely.service - Battery commands.
Jun 04 14:31:34 murrikka systemd[3295]: Starting home-energy-predictor-minutely.service - Battery commands...
Jun 04 14:31:34 murrikka run_often.sh[2890896]: === HEPO Quick Update: Thu  4 Jun 14:31:34 EEST 2026 ===
Jun 04 14:31:34 murrikka run_often.sh[2890974]: Battery SoC: 27.1%
Jun 04 14:31:34 murrikka run_often.sh[2890974]: Battery Power: -1900W
Jun 04 14:31:34 murrikka run_often.sh[2890974]: Grid Power: -5.84499979019165W
Jun 04 14:31:34 murrikka run_often.sh[2890974]: ⊘ Battery Unavailable: -10000W (charge_mixed) [SoC 32.1%] (skipped)
Jun 04 14:31:34 murrikka run_often.sh[2890896]: === Done: Thu  4 Jun 14:31:34 EEST 2026 ===
Jun 04 14:31:34 murrikka systemd[3295]: Finished home-energy-predictor-minutely.service - Battery commands.
Jun 04 14:32:34 murrikka systemd[3295]: Starting home-energy-predictor-minutely.service - Battery commands...
Jun 04 14:32:34 murrikka run_often.sh[2891450]: === HEPO Quick Update: Thu  4 Jun 14:32:34 EEST 2026 ===
Jun 04 14:32:34 murrikka run_often.sh[2891454]: Battery SoC: 27.1%
Jun 04 14:32:34 murrikka run_often.sh[2891454]: Battery Power: -1900W
Jun 04 14:32:34 murrikka run_often.sh[2891454]: Grid Power: -5.85400009155273W
Jun 04 14:32:34 murrikka run_often.sh[2891454]: ⊘ Battery Unavailable: -10000W (charge_mixed) [SoC 32.1%] (skipped)
Jun 04 14:32:34 murrikka run_often.sh[2891450]: === Done: Thu  4 Jun 14:32:34 EEST 2026 ===
Jun 04 14:32:34 murrikka systemd[3295]: Finished home-energy-predictor-minutely.service - Battery commands.
Jun 04 14:33:10 murrikka systemd[3295]: Starting home-energy-predictor-minutely.service - Battery commands...
Jun 04 14:33:10 murrikka run_often.sh[2891939]: === HEPO Quick Update: Thu  4 Jun 14:33:10 EEST 2026 ===
Jun 04 14:33:10 murrikka run_often.sh[2891943]: Battery SoC: 27%
Jun 04 14:33:10 murrikka run_often.sh[2891943]: Battery Power: -1900W
Jun 04 14:33:10 murrikka run_often.sh[2891943]: Grid Power: -5.93499994277954W
Jun 04 14:33:10 murrikka run_often.sh[2891943]: ⊘ Battery Unavailable: -10000W (charge_mixed) [SoC 32.1%] (skipped)
Jun 04 14:33:10 murrikka run_often.sh[2891939]: === Done: Thu  4 Jun 14:33:10 EEST 2026 ===
Jun 04 14:33:10 murrikka systemd[3295]: Finished home-energy-predictor-minutely.service - Battery commands.
Jun 04 14:34:23 murrikka systemd[3295]: Starting home-energy-predictor-minutely.service - Battery commands...
Jun 04 14:34:23 murrikka run_often.sh[2892618]: === HEPO Quick Update: Thu  4 Jun 14:34:23 EEST 2026 ===
Jun 04 14:34:23 murrikka run_often.sh[2892622]: Battery SoC: 26.9%
Jun 04 14:34:23 murrikka run_often.sh[2892622]: Battery Power: -1900W
Jun 04 14:34:23 murrikka run_often.sh[2892622]: Grid Power: -6.15700006484985W
Jun 04 14:34:23 murrikka run_often.sh[2892622]: ⊘ Battery Unavailable: -10000W (charge_mixed) [SoC 32.1%] (skipped)
Jun 04 14:34:23 murrikka run_often.sh[2892618]: === Done: Thu  4 Jun 14:34:23 EEST 2026 ===
Jun 04 14:34:23 murrikka systemd[3295]: Finished home-energy-predictor-minutely.service - Battery commands.
Jun 04 14:35:34 murrikka systemd[3295]: Starting home-energy-predictor-minutely.service - Battery commands...
Jun 04 14:35:34 murrikka run_often.sh[2893179]: === HEPO Quick Update: Thu  4 Jun 14:35:34 EEST 2026 ===
Jun 04 14:35:34 murrikka run_often.sh[2893183]: Battery SoC: 26.8%
Jun 04 14:35:34 murrikka run_often.sh[2893183]: Battery Power: -1900W
Jun 04 14:35:34 murrikka run_often.sh[2893183]: Grid Power: -6.33099985122681W
Jun 04 14:35:34 murrikka run_often.sh[2893183]: ⊘ Battery Unavailable: -10000W (charge_mixed) [SoC 32.1%] (skipped)
Jun 04 14:35:34 murrikka run_often.sh[2893179]: === Done: Thu  4 Jun 14:35:34 EEST 2026 ===
Jun 04 14:35:34 murrikka systemd[3295]: Finished home-energy-predictor-minutely.service - Battery commands.
Jun 04 14:36:34 murrikka systemd[3295]: Starting home-energy-predictor-minutely.service - Battery commands...
Jun 04 14:36:34 murrikka run_often.sh[2893682]: === HEPO Quick Update: Thu  4 Jun 14:36:34 EEST 2026 ===
Jun 04 14:36:34 murrikka run_often.sh[2893686]: Battery SoC: 26.7%
Jun 04 14:36:34 murrikka run_often.sh[2893686]: Battery Power: -1900W
Jun 04 14:36:34 murrikka run_often.sh[2893686]: Grid Power: -6.48099994659424W
Jun 04 14:36:34 murrikka run_often.sh[2893686]: ⊘ Battery Unavailable: -10000W (charge_mixed) [SoC 32.1%] (skipped)
Jun 04 14:36:34 murrikka run_often.sh[2893682]: === Done: Thu  4 Jun 14:36:34 EEST 2026 ===
Jun 04 14:36:34 murrikka systemd[3295]: Finished home-energy-predictor-minutely.service - Battery commands.
Jun 04 14:37:34 murrikka systemd[3295]: Starting home-energy-predictor-minutely.service - Battery commands...
Jun 04 14:37:34 murrikka run_often.sh[2894152]: === HEPO Quick Update: Thu  4 Jun 14:37:34 EEST 2026 ===
Jun 04 14:37:34 murrikka run_often.sh[2894156]: Battery SoC: 26.7%
Jun 04 14:37:34 murrikka run_often.sh[2894156]: Battery Power: -1900W
Jun 04 14:37:34 murrikka run_often.sh[2894156]: Grid Power: -6.31400012969971W
Jun 04 14:37:34 murrikka run_often.sh[2894156]: ⊘ Battery Unavailable: -10000W (charge_mixed) [SoC 32.1%] (skipped)
Jun 04 14:37:34 murrikka run_often.sh[2894152]: === Done: Thu  4 Jun 14:37:34 EEST 2026 ===
Jun 04 14:37:34 murrikka systemd[3295]: Finished home-energy-predictor-minutely.service - Battery commands.
Jun 04 14:38:34 murrikka systemd[3295]: Starting home-energy-predictor-minutely.service - Battery commands...
Jun 04 14:38:34 murrikka run_often.sh[2894624]: === HEPO Quick Update: Thu  4 Jun 14:38:34 EEST 2026 ===
Jun 04 14:38:34 murrikka run_often.sh[2894629]: Battery SoC: 26.6%
Jun 04 14:38:34 murrikka run_often.sh[2894629]: Battery Power: 38W
Jun 04 14:38:34 murrikka run_often.sh[2894629]: Grid Power: -4.25799989700317W
Jun 04 14:38:34 murrikka run_often.sh[2894629]: ⊘ Battery Unavailable: -10000W (charge_mixed) [SoC 32.1%] (skipped)
Jun 04 14:38:34 murrikka run_often.sh[2894624]: === Done: Thu  4 Jun 14:38:34 EEST 2026 ===
Jun 04 14:38:34 murrikka systemd[3295]: Finished home-energy-predictor-minutely.service - Battery commands.
Jun 04 14:39:34 murrikka systemd[3295]: Starting home-energy-predictor-minutely.service - Battery commands...
Jun 04 14:39:34 murrikka run_often.sh[2895210]: === HEPO Quick Update: Thu  4 Jun 14:39:34 EEST 2026 ===
Jun 04 14:39:34 murrikka run_often.sh[2895214]: Battery SoC: 26.6%
Jun 04 14:39:34 murrikka run_often.sh[2895214]: Battery Power: 0W
Jun 04 14:39:34 murrikka run_often.sh[2895214]: Grid Power: -4.30499982833862W
Jun 04 14:39:34 murrikka run_often.sh[2895214]: ⊘ Battery Unavailable: -10000W (charge_mixed) [SoC 32.1%] (skipped)
Jun 04 14:39:34 murrikka run_often.sh[2895210]: === Done: Thu  4 Jun 14:39:34 EEST 2026 ===
Jun 04 14:39:34 murrikka systemd[3295]: Finished home-energy-predictor-minutely.service - Battery commands.
